<?xml version="1.0" encoding="UTF-8"?>
<!-- Generated by org.testng.reporters.JUnitReportReporter -->
<testsuite hostname="MYSHEC217881L" failures="0" tests="3" name="sunt.sunt22.Apptest2" time="0.008" errors="0" timestamp="13 Apr 2019 16:25:39 GMT" skipped="0">
  <testcase classname="sunt.sunt22.Apptest2" name="sum" time="0.000"/>
  <testcase classname="sunt.sunt22.Apptest2" name="multiplt" time="0.000"/>
  <testcase classname="sunt.sunt22.Apptest2" name="subtract" time="0.008"/>
</testsuite> <!-- sunt.sunt22.Apptest2 -->
