<?xml version="1.0" encoding="UTF-8"?>
<!-- Generated by org.testng.reporters.JUnitReportReporter -->
<testsuite hostname="MYSHEC217881L" failures="0" tests="3" name="sunt.sunt22.AppTest" time="0.028" errors="0" timestamp="13 Apr 2019 16:25:39 GMT" skipped="0">
  <testcase classname="sunt.sunt22.AppTest" name="multiplt" time="0.020"/>
  <testcase classname="sunt.sunt22.AppTest" name="sum" time="0.004"/>
  <testcase classname="sunt.sunt22.AppTest" name="subtract" time="0.004"/>
</testsuite> <!-- sunt.sunt22.AppTest -->
